<?xml version="1.0" encoding="UTF-8"?>
<testsuite xmlns:xsi="http://www.w3.org/2001/XMLSchema-instance" xsi:noNamespaceSchemaLocation="https://maven.apache.org/surefire/maven-surefire-plugin/xsd/surefire-test-report.xsd" name="com.adventure.NotificationTest" time="0.017" tests="6" errors="0" skipped="0" failures="0">
  <properties>
[...]
</properties>
  <testcase name="testClearModifications" classname="com.adventure.NotificationTest" time="0.006"/>
  <testcase name="testFullyBlockedModification" classname="com.adventure.NotificationTest" time="0"/>
  <testcase name="testNormalModification" classname="com.adventure.NotificationTest" time="0.001"/>
  <testcase name="testLowerBoundProtection" classname="com.adventure.NotificationTest" time="0.001"/>
  <testcase name="testPartiallyCappedModification" classname="com.adventure.NotificationTest" time="0.007"/>
  <testcase name="testMultipleModifications" classname="com.adventure.NotificationTest" time="0"/>
</testsuite>